<?xml version="1.0" encoding="UTF-8" ?>
<testsuite errors="0" failures="1" hostname="ous-MacBook-Pro.local" name="grails101.AttachmentServiceTests" tests="1" time="0.768" timestamp="2012-09-18T02:50:50">
  <properties />
  <testcase classname="grails101.AttachmentServiceTests" name="testSomething" time="0.218">
    <failure message="junit.framework.AssertionFailedError: Implement me" type="junit.framework.AssertionFailedError">junit.framework.AssertionFailedError: junit.framework.AssertionFailedError: Implement me
	at grails101.AttachmentServiceTests.testSomething(AttachmentServiceTests.groovy:15)
</failure>
  </testcase>
  <system-out><![CDATA[--Output from testSomething--
]]></system-out>
  <system-err><![CDATA[--Output from testSomething--
]]></system-err>
</testsuite>
