<?xml version="1.0" encoding="UTF-8" ?>
<testsuite errors="0" failures="1" hostname="ous-MacBook-Pro.local" name="grails101.UserServiceTests" tests="1" time="0.125" timestamp="2012-09-18T02:50:58">
  <properties />
  <testcase classname="grails101.UserServiceTests" name="testSomething" time="0.025">
    <failure message="junit.framework.AssertionFailedError: Implement me" type="junit.framework.AssertionFailedError">junit.framework.AssertionFailedError: junit.framework.AssertionFailedError: Implement me
	at grails101.UserServiceTests.testSomething(UserServiceTests.groovy:15)
</failure>
  </testcase>
  <system-out><![CDATA[--Output from testSomething--
]]></system-out>
  <system-err><![CDATA[--Output from testSomething--
]]></system-err>
</testsuite>
