<?xml version="1.0" encoding="UTF-8" ?>
<testsuite errors="0" failures="1" hostname="ous-MacBook-Pro.local" name="grails101.UserControllerTests" tests="1" time="2.742" timestamp="2012-09-18T02:50:55">
  <properties />
  <testcase classname="grails101.UserControllerTests" name="testSomething" time="2.66">
    <failure message="junit.framework.AssertionFailedError: Implement me" type="junit.framework.AssertionFailedError">junit.framework.AssertionFailedError: junit.framework.AssertionFailedError: Implement me
	at grails101.UserControllerTests.testSomething(UserControllerTests.groovy:15)
</failure>
  </testcase>
  <system-out><![CDATA[--Output from testSomething--
]]></system-out>
  <system-err><![CDATA[--Output from testSomething--
]]></system-err>
</testsuite>
